|2021-09-09 09:49:58,888|root|INFO|test_upp||building model.....|
|2021-09-09 09:49:59,083|root|INFO|test_upp||done|
|2021-09-09 09:49:59,083|root|INFO|test_upp||move to GPU.....|
|2021-09-09 09:50:00,650|root|INFO|test_upp||done|
|2021-09-09 09:50:00,651|root|INFO|test_upp||standby....|
|2021-09-09 09:50:17,796|root|INFO|test_upp||-----------------------------------------|
|2021-09-09 09:50:18,549|root|INFO|test_upp||processing 610.jpg|
|2021-09-09 09:50:23,171|root|INFO|test_upp||cls name: 建筑|
|2021-09-09 09:50:29,824|root|INFO|test_upp||0/10|
|2021-09-09 09:50:30,444|root|INFO|test_upp||1/10|
|2021-09-09 09:50:31,051|root|INFO|test_upp||2/10|
|2021-09-09 09:50:31,654|root|INFO|test_upp||3/10|
|2021-09-09 09:50:32,257|root|INFO|test_upp||4/10|
|2021-09-09 09:50:32,863|root|INFO|test_upp||5/10|
|2021-09-09 09:50:33,464|root|INFO|test_upp||6/10|
|2021-09-09 09:50:34,067|root|INFO|test_upp||7/10|
|2021-09-09 09:50:34,670|root|INFO|test_upp||8/10|
|2021-09-09 09:50:35,274|root|INFO|test_upp||9/10|
|2021-09-09 09:50:35,877|root|INFO|test_upp||10/10|
|2021-09-09 09:50:39,263|root|INFO|test_upp||cls name: 水域|
|2021-09-09 09:50:39,532|root|INFO|test_upp||0/10|
|2021-09-09 09:50:40,135|root|INFO|test_upp||1/10|
|2021-09-09 09:50:40,738|root|INFO|test_upp||2/10|
|2021-09-09 09:50:41,343|root|INFO|test_upp||3/10|
|2021-09-09 09:50:41,946|root|INFO|test_upp||4/10|
|2021-09-09 09:50:42,549|root|INFO|test_upp||5/10|
|2021-09-09 09:50:43,156|root|INFO|test_upp||6/10|
|2021-09-09 09:50:43,761|root|INFO|test_upp||7/10|
|2021-09-09 09:50:44,366|root|INFO|test_upp||8/10|
|2021-09-09 09:50:44,969|root|INFO|test_upp||9/10|
|2021-09-09 09:50:45,573|root|INFO|test_upp||10/10|
|2021-09-09 09:50:48,801|root|INFO|test_upp||cls name: 耕地|
|2021-09-09 09:50:49,073|root|INFO|test_upp||0/10|
|2021-09-09 09:50:49,676|root|INFO|test_upp||1/10|
|2021-09-09 09:50:50,282|root|INFO|test_upp||2/10|
|2021-09-09 09:50:50,885|root|INFO|test_upp||3/10|
|2021-09-09 09:50:51,488|root|INFO|test_upp||4/10|
|2021-09-09 09:50:52,093|root|INFO|test_upp||5/10|
|2021-09-09 09:50:52,697|root|INFO|test_upp||6/10|
|2021-09-09 09:50:53,301|root|INFO|test_upp||7/10|
|2021-09-09 09:50:53,904|root|INFO|test_upp||8/10|
|2021-09-09 09:50:54,508|root|INFO|test_upp||9/10|
|2021-09-09 09:50:55,115|root|INFO|test_upp||10/10|
|2021-09-09 09:50:58,233|root|INFO|test_upp||cls name: 绿地|
|2021-09-09 09:50:59,383|root|INFO|test_upp||0/10|
|2021-09-09 09:50:59,986|root|INFO|test_upp||1/10|
|2021-09-09 09:51:00,590|root|INFO|test_upp||2/10|
|2021-09-09 09:51:01,198|root|INFO|test_upp||3/10|
|2021-09-09 09:51:01,801|root|INFO|test_upp||4/10|
|2021-09-09 09:51:02,405|root|INFO|test_upp||5/10|
|2021-09-09 09:51:03,008|root|INFO|test_upp||6/10|
|2021-09-09 09:51:03,612|root|INFO|test_upp||7/10|
|2021-09-09 09:51:04,216|root|INFO|test_upp||8/10|
|2021-09-09 09:51:04,819|root|INFO|test_upp||9/10|
|2021-09-09 09:51:05,423|root|INFO|test_upp||10/10|
|2021-09-09 09:51:08,212|root|INFO|test_upp||cls name: 森林|
|2021-09-09 09:51:08,450|root|INFO|test_upp||0/10|
|2021-09-09 09:51:09,053|root|INFO|test_upp||1/10|
|2021-09-09 09:51:09,657|root|INFO|test_upp||2/10|
|2021-09-09 09:51:10,262|root|INFO|test_upp||3/10|
|2021-09-09 09:51:10,865|root|INFO|test_upp||4/10|
|2021-09-09 09:51:11,468|root|INFO|test_upp||5/10|
|2021-09-09 09:51:12,071|root|INFO|test_upp||6/10|
|2021-09-09 09:51:12,676|root|INFO|test_upp||7/10|
|2021-09-09 09:51:13,280|root|INFO|test_upp||8/10|
|2021-09-09 09:51:13,883|root|INFO|test_upp||9/10|
|2021-09-09 09:51:14,486|root|INFO|test_upp||10/10|
|2021-09-09 09:51:17,535|root|INFO|test_upp||done---------------------------------|
|2021-09-09 09:51:31,459|root|INFO|test_upp||-----------------------------------------|
|2021-09-09 09:51:31,803|root|INFO|test_upp||processing 4.png|
|2021-09-09 09:51:33,651|root|INFO|test_upp||cls name: 建筑|
|2021-09-09 09:51:37,727|root|INFO|test_upp||0/1|
